Test Accuracy = 0.963
[ 2 14 40 31 13]
Load image 0: image_4.png
Load image 1: image_5.png
Load image 2: image_3.png
Load image 3: image_2.png
Load image 4: image_1.png
[ 2 14 40 31 13]
Accuracy: 100%
Load image 0: image_4.png
Load image 2: image_5.png
Load image 4: image_3.png
Load image 5: image_2.png
Load image 0: image_4.png
Load image 2: image_5.png
Load image 4: image_3.png
Load image 5: image_2.png
Load image 0: image_4.png
Load image 1: image_5.png
Load image 2: image_3.png
Load image 3: image_2.png
Load image 4: image_1.png
[ 2 14 40 31 13]
Accuracy: 100%
TopKV2(values=array([[ 266.08947754,  108.41138458,   44.94915009,   44.35369492,
           9.05444622],
       [ 273.11254883,   59.6763649 ,   23.05278397,   -1.5750792 ,
         -26.20355988],
       [ 712.01843262,  104.38693237,  102.22918701,  100.46894836,
          -7.74648952],
       [ 552.07971191,  238.99990845,   99.12479401,   53.07194138,
           1.77865529],
       [ 414.01882935,   68.7181015 ,   42.64592361,  -12.70124626,
         -28.88335419]], dtype=float32), indices=array([[ 2,  5,  1,  7,  4],
       [14, 17, 12, 10,  3],
       [40, 34,  6, 33, 39],
       [31, 21, 19, 23, 26],
       [13, 15, 10,  9,  4]], dtype=int32))
TopKV2(values=array([[ 1.,  0.,  0.,  0.,  0.],
       [ 1.,  0.,  0.,  0.,  0.],
       [ 1.,  0.,  0.,  0.,  0.],
       [ 1.,  0.,  0.,  0.,  0.],
       [ 1.,  0.,  0.,  0.,  0.]], dtype=float32), indices=array([[ 2,  0,  1,  3,  4],
       [14,  0,  1,  2,  3],
       [40,  0,  1,  2,  3],
       [31,  0,  1,  2,  3],
       [13,  0,  1,  2,  3]], dtype=int32))
TopKV2(values=array([[ 266.08947754,  108.41138458,   44.94915009,   44.35369492,
           9.05444622],
       [ 273.11254883,   59.6763649 ,   23.05278397,   -1.5750792 ,
         -26.20355988],
       [ 712.01843262,  104.38693237,  102.22918701,  100.46894836,
          -7.74648952],
       [ 552.07971191,  238.99990845,   99.12479401,   53.07194138,
           1.77865529],
       [ 414.01882935,   68.7181015 ,   42.64592361,  -12.70124626,
         -28.88335419]], dtype=float32), indices=array([[ 2,  5,  1,  7,  4],
       [14, 17, 12, 10,  3],
       [40, 34,  6, 33, 39],
       [31, 21, 19, 23, 26],
       [13, 15, 10,  9,  4]], dtype=int32))
Logging Initialisiert
Number of training examples = 34799
Number of validation examples = 4410
Number of testing examples = 12630
Image data shape = (32, 32, 3)
Number of classes = 43
New number of training examples = 86430
Logging Initialisiert
Number of training examples = 34799
Number of validation examples = 4410
Number of testing examples = 12630
Image data shape = (32, 32, 3)
Number of classes = 43
New number of training examples = 86430
676 batches per epoch
Training...

Test Accuracy = 0.963
Load image 0: image_4.png
Load image 1: image_5.png
Load image 2: image_3.png
Load image 3: image_2.png
Load image 4: image_1.png
[ 2 14 40 31 13]
Accuracy: 100%
TopKV2(values=array([[ 266.08947754,  108.41138458,   44.94915009,   44.35369492,
           9.05444622],
       [ 273.11254883,   59.6763649 ,   23.05278397,   -1.5750792 ,
         -26.20355988],
       [ 712.01843262,  104.38693237,  102.22918701,  100.46894836,
          -7.74648952],
       [ 552.07971191,  238.99990845,   99.12479401,   53.07194138,
           1.77865529],
       [ 414.01882935,   68.7181015 ,   42.64592361,  -12.70124626,
         -28.88335419]], dtype=float32), indices=array([[ 2,  5,  1,  7,  4],
       [14, 17, 12, 10,  3],
       [40, 34,  6, 33, 39],
       [31, 21, 19, 23, 26],
       [13, 15, 10,  9,  4]], dtype=int32))
